{"numTotalTestSuites":154,"numPassedTestSuites":154,"numFailedTestSuites":0,"numPendingTestSuites":0,"numTotalTests":566,"numPassedTests":566,"numFailedTests":0,"numPendingTests":0,"numTodoTests":0,"snapshot":{"added":0,"failure":false,"filesAdded":0,"filesRemoved":0,"filesRemovedList":[],"filesUnmatched":0,"filesUpdated":0,"matched":0,"total":0,"unchecked":0,"uncheckedKeysByFile":[],"unmatched":0,"updated":0,"didUpdate":false},"startTime":1781069151555,"success":true,"testResults":[{"assertionResults":[{"ancestorTitles":["CircuitBreaker"],"fullName":"CircuitBreaker starts closed","status":"passed","title":"starts closed","duration":2.5149990000000457,"failureMessages":[],"meta":{}},{"ancestorTitles":["CircuitBreaker"],"fullName":"CircuitBreaker closes on success","status":"passed","title":"closes on success","duration":0.5738890000000083,"failureMessages":[],"meta":{}},{"ancestorTitles":["CircuitBreaker"],"fullName":"CircuitBreaker opens after N consecutive failures","status":"passed","title":"opens after N consecutive failures","duration":3.4464080000000195,"failureMessages":[],"meta":{}},{"ancestorTitles":["CircuitBreaker"],"fullName":"CircuitBreaker throws CircuitOpenError when open","status":"passed","title":"throws CircuitOpenError when open","duration":2.055440000000033,"failureMessages":[],"meta":{}},{"ancestorTitles":["CircuitBreaker"],"fullName":"CircuitBreaker transitions to half-open after cooldown","status":"passed","title":"transitions to half-open after cooldown","duration":22.792277000000013,"failureMessages":[],"meta":{}},{"ancestorTitles":["CircuitBreaker"],"fullName":"CircuitBreaker re-opens on half-open failure","status":"passed","title":"re-opens on half-open failure","duration":22.33669900000001,"failureMessages":[],"meta":{}},{"ancestorTitles":["CircuitBreaker"],"fullName":"CircuitBreaker resets failure count on success","status":"passed","title":"resets failure count on success","duration":0.794798999999955,"failureMessages":[],"meta":{}}],"startTime":1781069153365,"endTime":1781069153419.7947,"status":"passed","message":"","name":"/home/dusanmilosavljevic/ruby-code/tests/circuit-breaker.test.ts"},{"assertionResults":[{"ancestorTitles":["CLI integration: first-run wizard"],"fullName":"CLI integration: first-run wizard saves global config after wizard completes (pick Xiaomi, first model, default baseUrl)","status":"passed","title":"saves global config after wizard completes (pick Xiaomi, first model, default baseUrl)","duration":8018.711119,"failureMessages":[],"meta":{}},{"ancestorTitles":["CLI integration: first-run wizard"],"fullName":"CLI integration: first-run wizard runs the wizard when no env vars are set and no global config exists","status":"passed","title":"runs the wizard when no env vars are set and no global config exists","duration":8009.801834,"failureMessages":[],"meta":{}},{"ancestorTitles":["CLI integration: first-run wizard"],"fullName":"CLI integration: first-run wizard bypasses the wizard when --no-setup is given (then errors about no model)","status":"passed","title":"bypasses the wizard when --no-setup is given (then errors about no model)","duration":245.82409700000062,"failureMessages":[],"meta":{}},{"ancestorTitles":["CLI integration: first-run wizard"],"fullName":"CLI integration: first-run wizard bypasses the wizard when --api-key is given (then tries to use that key)","status":"passed","title":"bypasses the wizard when --api-key is given (then tries to use that key)","duration":251.65189699999974,"failureMessages":[],"meta":{}}],"startTime":1781069152796,"endTime":1781069169321.6519,"status":"passed","message":"","name":"/home/dusanmilosavljevic/ruby-code/tests/cli-wizard.test.ts"},{"assertionResults":[{"ancestorTitles":["getApiKey"],"fullName":"getApiKey returns canonical UPPER value when set","status":"passed","title":"returns canonical UPPER value when set","duration":2.0156310000000417,"failureMessages":[],"meta":{}},{"ancestorTitles":["getApiKey"],"fullName":"getApiKey falls back to lowercase variant when canonical is missing","status":"passed","title":"falls back to lowercase variant when canonical is missing","duration":0.7393440000000169,"failureMessages":[],"meta":{}},{"ancestorTitles":["getApiKey"],"fullName":"getApiKey prefers canonical over lowercase when both are set","status":"passed","title":"prefers canonical over lowercase when both are set","duration":0.30869999999998754,"failureMessages":[],"meta":{}},{"ancestorTitles":["getApiKey"],"fullName":"getApiKey tries aliases in order","status":"passed","title":"tries aliases in order","duration":0.23529700000000275,"failureMessages":[],"meta":{}},{"ancestorTitles":["getApiKey"],"fullName":"getApiKey returns undefined when nothing is set","status":"passed","title":"returns undefined when nothing is set","duration":0.2336899999999673,"failureMessages":[],"meta":{}},{"ancestorTitles":["getApiKey"],"fullName":"getApiKey ignores placeholder values","status":"passed","title":"ignores placeholder values","duration":0.22000100000002476,"failureMessages":[],"meta":{}},{"ancestorTitles":["getApiKey"],"fullName":"getApiKey ignores whitespace-only values","status":"passed","title":"ignores whitespace-only values","duration":0.18934100000001308,"failureMessages":[],"meta":{}},{"ancestorTitles":["getEnv"],"fullName":"getEnv returns value from canonical or lowercase","status":"passed","title":"returns value from canonical or lowercase","duration":1.4971270000000345,"failureMessages":[],"meta":{}},{"ancestorTitles":["getEnv"],"fullName":"getEnv returns undefined when unset","status":"passed","title":"returns undefined when unset","duration":3.9860049999999774,"failureMessages":[],"meta":{}},{"ancestorTitles":["getEnv"],"fullName":"getEnv returns undefined for empty string (so ?? chains work)","status":"passed","title":"returns undefined for empty string (so ?? chains work)","duration":0.4513170000000173,"failureMessages":[],"meta":{}},{"ancestorTitles":["getEnv"],"fullName":"getEnv REGRESSION: factory with unset baseUrl env var must fall through to default","status":"passed","title":"REGRESSION: factory with unset baseUrl env var must fall through to default","duration":0.24668099999996684,"failureMessages":[],"meta":{}}],"startTime":1781069152960,"endTime":1781069152971.2466,"status":"passed","message":"","name":"/home/dusanmilosavljevic/ruby-code/tests/env.test.ts"},{"assertionResults":[{"ancestorTitles":["defaultRetriable"],"fullName":"defaultRetriable treats 429, 529, 5xx as retriable","status":"passed","title":"treats 429, 529, 5xx as retriable","duration":2.2283690000000433,"failureMessages":[],"meta":{}},{"ancestorTitles":["defaultRetriable"],"fullName":"defaultRetriable treats 4xx (except 429) as not retriable","status":"passed","title":"treats 4xx (except 429) as not retriable","duration":0.39327800000000934,"failureMessages":[],"meta":{}},{"ancestorTitles":["defaultRetriable"],"fullName":"defaultRetriable treats status 0 (network) as retriable","status":"passed","title":"treats status 0 (network) as retriable","duration":0.20931600000000117,"failureMessages":[],"meta":{}},{"ancestorTitles":["normaliseError"],"fullName":"normaliseError returns ApiError unchanged","status":"passed","title":"returns ApiError unchanged","duration":0.42365999999998394,"failureMessages":[],"meta":{}},{"ancestorTitles":["normaliseError"],"fullName":"normaliseError extracts status from Anthropic-style error","status":"passed","title":"extracts status from Anthropic-style error","duration":0.6812360000000126,"failureMessages":[],"meta":{}},{"ancestorTitles":["normaliseError"],"fullName":"normaliseError extracts retryAfter from headers (seconds)","status":"passed","title":"extracts retryAfter from headers (seconds)","duration":0.26840100000003986,"failureMessages":[],"meta":{}},{"ancestorTitles":["normaliseError"],"fullName":"normaliseError extracts retryAfter from Google errorDetails.retryDelay (seconds)","status":"passed","title":"extracts retryAfter from Google errorDetails.retryDelay (seconds)","duration":0.35723999999999023,"failureMessages":[],"meta":{}},{"ancestorTitles":["normaliseError"],"fullName":"normaliseError extracts retryAfter from Google errorDetails.retryDelay (ms)","status":"passed","title":"extracts retryAfter from Google errorDetails.retryDelay (ms)","duration":0.2906810000000064,"failureMessages":[],"meta":{}},{"ancestorTitles":["normaliseError"],"fullName":"normaliseError treats ETIMEDOUT as network error (status 0)","status":"passed","title":"treats ETIMEDOUT as network error (status 0)","duration":0.36967199999998,"failureMessages":[],"meta":{}},{"ancestorTitles":["normaliseError"],"fullName":"normaliseError preserves cause chain","status":"passed","title":"preserves cause chain","duration":0.2633730000000014,"failureMessages":[],"meta":{}}],"startTime":1781069153271,"endTime":1781069153277.3696,"status":"passed","message":"","name":"/home/dusanmilosavljevic/ruby-code/tests/errors.test.ts"},{"assertionResults":[{"ancestorTitles":["registerCustomProviders / getCustomProviders"],"fullName":"registerCustomProviders / getCustomProviders starts with empty custom providers","status":"passed","title":"starts with empty custom providers","duration":9.699263999999971,"failureMessages":[],"meta":{}},{"ancestorTitles":["registerCustomProviders / getCustomProviders"],"fullName":"registerCustomProviders / getCustomProviders registers custom providers","status":"passed","title":"registers custom providers","duration":0.4610250000000633,"failureMessages":[],"meta":{}},{"ancestorTitles":["registerCustomProviders / getCustomProviders"],"fullName":"registerCustomProviders / getCustomProviders replaces previous providers on re-register","status":"passed","title":"replaces previous providers on re-register","duration":1.576326999999992,"failureMessages":[],"meta":{}},{"ancestorTitles":["getAllModels"],"fullName":"getAllModels returns built-in models when no custom providers","status":"passed","title":"returns built-in models when no custom providers","duration":0.5513300000000072,"failureMessages":[],"meta":{}},{"ancestorTitles":["getAllModels"],"fullName":"getAllModels includes custom provider models","status":"passed","title":"includes custom provider models","duration":0.6049679999999853,"failureMessages":[],"meta":{}},{"ancestorTitles":["getAllModels"],"fullName":"getAllModels does not duplicate built-in models","status":"passed","title":"does not duplicate built-in models","duration":0.43343800000002375,"failureMessages":[],"meta":{}},{"ancestorTitles":["createProvider with custom providers"],"fullName":"createProvider with custom providers routes to custom provider when prefix matches","status":"passed","title":"routes to custom provider when prefix matches","duration":2.819509000000039,"failureMessages":[],"meta":{}},{"ancestorTitles":["createProvider with custom providers"],"fullName":"createProvider with custom providers routes to custom provider with static apiKey","status":"passed","title":"routes to custom provider with static apiKey","duration":0.6223589999999604,"failureMessages":[],"meta":{}},{"ancestorTitles":["createProvider with custom providers"],"fullName":"createProvider with custom providers falls through to built-in when no custom prefix matches","status":"passed","title":"falls through to built-in when no custom prefix matches","duration":1.1433079999999336,"failureMessages":[],"meta":{}},{"ancestorTitles":["createProvider with custom providers"],"fullName":"createProvider with custom providers uses config.baseUrl over provider baseUrl when set","status":"passed","title":"uses config.baseUrl over provider baseUrl when set","duration":0.5497930000000224,"failureMessages":[],"meta":{}},{"ancestorTitles":["createProvider with custom providers"],"fullName":"createProvider with custom providers handles model with no prefix remainder","status":"passed","title":"handles model with no prefix remainder","duration":0.4383260000000746,"failureMessages":[],"meta":{}}],"startTime":1781069152967,"endTime":1781069152986.5498,"status":"passed","message":"","name":"/home/dusanmilosavljevic/ruby-code/tests/factory.test.ts"},{"assertionResults":[{"ancestorTitles":["first-run detection"],"fullName":"first-run detection hasAnyProvider is false when no key is set","status":"passed","title":"hasAnyProvider is false when no key is set","duration":9.059235999999942,"failureMessages":[],"meta":{}},{"ancestorTitles":["first-run detection"],"fullName":"first-run detection hasAnyProvider picks up canonical-case env var","status":"passed","title":"hasAnyProvider picks up canonical-case env var","duration":2.159224999999992,"failureMessages":[],"meta":{}},{"ancestorTitles":["first-run detection"],"fullName":"first-run detection hasAnyProvider picks up lowercase env var","status":"passed","title":"hasAnyProvider picks up lowercase env var","duration":3.9137889999999516,"failureMessages":[],"meta":{}},{"ancestorTitles":["first-run detection"],"fullName":"first-run detection needsWizard triggers when no provider is set and no --api-key given","status":"passed","title":"needsWizard triggers when no provider is set and no --api-key given","duration":0.6954839999999649,"failureMessages":[],"meta":{}},{"ancestorTitles":["first-run detection"],"fullName":"first-run detection needsWizard does NOT trigger when --api-key is given on CLI","status":"passed","title":"needsWizard does NOT trigger when --api-key is given on CLI","duration":0.8193130000000792,"failureMessages":[],"meta":{}},{"ancestorTitles":["first-run detection"],"fullName":"first-run detection needsWizard does NOT trigger when --model is given on CLI","status":"passed","title":"needsWizard does NOT trigger when --model is given on CLI","duration":0.48875199999997676,"failureMessages":[],"meta":{}},{"ancestorTitles":["first-run detection"],"fullName":"first-run detection needsWizard DOES trigger when only an env var is set (no model picked yet)","status":"passed","title":"needsWizard DOES trigger when only an env var is set (no model picked yet)","duration":0.46605299999998806,"failureMessages":[],"meta":{}},{"ancestorTitles":["first-run detection"],"fullName":"first-run detection needsWizard does NOT trigger when global config exists (model already saved)","status":"passed","title":"needsWizard does NOT trigger when global config exists (model already saved)","duration":1.2330550000000358,"failureMessages":[],"meta":{}},{"ancestorTitles":["first-run detection"],"fullName":"first-run detection PROVIDER_CHOICES covers 8 vendors with description + models","status":"passed","title":"PROVIDER_CHOICES covers 8 vendors with description + models","duration":10.735296000000062,"failureMessages":[],"meta":{}},{"ancestorTitles":["first-run detection"],"fullName":"first-run detection PROVIDER_CHOICES includes the major vendors","status":"passed","title":"PROVIDER_CHOICES includes the major vendors","duration":6.516717999999969,"failureMessages":[],"meta":{}},{"ancestorTitles":["first-run detection"],"fullName":"first-run detection every provider has at least 3 models in its menu","status":"passed","title":"every provider has at least 3 models in its menu","duration":0.6775340000000369,"failureMessages":[],"meta":{}},{"ancestorTitles":["regression: getApiKey + provider selection"],"fullName":"regression: getApiKey + provider selection lowercase anthropic_api_key is detected by hasAnyProvider","status":"passed","title":"lowercase anthropic_api_key is detected by hasAnyProvider","duration":0.674810999999977,"failureMessages":[],"meta":{}}],"startTime":1781069153119,"endTime":1781069153157.6748,"status":"passed","message":"","name":"/home/dusanmilosavljevic/ruby-code/tests/first-run.test.ts"},{"assertionResults":[{"ancestorTitles":["global-config"],"fullName":"global-config returns null when no config exists","status":"passed","title":"returns null when no config exists","duration":3.1155669999999986,"failureMessages":[],"meta":{}},{"ancestorTitles":["global-config"],"fullName":"global-config saves and loads a config","status":"passed","title":"saves and loads a config","duration":2.2035750000000007,"failureMessages":[],"meta":{}},{"ancestorTitles":["global-config"],"fullName":"global-config preserves createdAt across updates","status":"passed","title":"preserves createdAt across updates","duration":0.8909009999999853,"failureMessages":[],"meta":{}},{"ancestorTitles":["global-config"],"fullName":"global-config rejects malformed config (missing required fields)","status":"passed","title":"rejects malformed config (missing required fields)","duration":0.6566520000000082,"failureMessages":[],"meta":{}}],"startTime":1781069153422,"endTime":1781069153429.6567,"status":"passed","message":"","name":"/home/dusanmilosavljevic/ruby-code/tests/global-config.test.ts"},{"assertionResults":[{"ancestorTitles":["KNOWN_MODELS"],"fullName":"KNOWN_MODELS contains at least 30 entries","status":"passed","title":"contains at least 30 entries","duration":2.0413330000000087,"failureMessages":[],"meta":{}},{"ancestorTitles":["KNOWN_MODELS"],"fullName":"KNOWN_MODELS covers all major providers","status":"passed","title":"covers all major providers","duration":0.8485769999999775,"failureMessages":[],"meta":{}},{"ancestorTitles":["KNOWN_MODELS"],"fullName":"KNOWN_MODELS every entry has unique id, name, provider, speed","status":"passed","title":"every entry has unique id, name, provider, speed","duration":15.955962,"failureMessages":[],"meta":{}},{"ancestorTitles":["KNOWN_MODELS"],"fullName":"KNOWN_MODELS has multiple Claude models (not just one)","status":"passed","title":"has multiple Claude models (not just one)","duration":0.8185449999999719,"failureMessages":[],"meta":{}},{"ancestorTitles":["KNOWN_MODELS"],"fullName":"KNOWN_MODELS has multiple GPT models (not just one)","status":"passed","title":"has multiple GPT models (not just one)","duration":0.37889099999995324,"failureMessages":[],"meta":{}},{"ancestorTitles":["KNOWN_MODELS"],"fullName":"KNOWN_MODELS has multiple Gemini models","status":"passed","title":"has multiple Gemini models","duration":0.2785989999999856,"failureMessages":[],"meta":{}},{"ancestorTitles":["KNOWN_MODELS"],"fullName":"KNOWN_MODELS has multiple OpenRouter models across vendors","status":"passed","title":"has multiple OpenRouter models across vendors","duration":0.21050300000001698,"failureMessages":[],"meta":{}},{"ancestorTitles":["KNOWN_MODELS"],"fullName":"KNOWN_MODELS has multiple Ollama models for local use","status":"passed","title":"has multiple Ollama models for local use","duration":0.19897900000000845,"failureMessages":[],"meta":{}},{"ancestorTitles":["getAllModels"],"fullName":"getAllModels returns built-in models by default","status":"passed","title":"returns built-in models by default","duration":0.30311300000005303,"failureMessages":[],"meta":{}}],"startTime":1781069153540,"endTime":1781069153561.3032,"status":"passed","message":"","name":"/home/dusanmilosavljevic/ruby-code/tests/known-models.test.ts"},{"assertionResults":[{"ancestorTitles":["runAgentLoop"],"fullName":"runAgentLoop returns success when model emits text only","status":"passed","title":"returns success when model emits text only","duration":20.237397999999985,"failureMessages":[],"meta":{}},{"ancestorTitles":["runAgentLoop"],"fullName":"runAgentLoop treats empty response as done (no infinite loop)","status":"passed","title":"treats empty response as done (no infinite loop)","duration":8.6834869999999,"failureMessages":[],"meta":{}},{"ancestorTitles":["runAgentLoop"],"fullName":"runAgentLoop executes a tool call and feeds the result back","status":"passed","title":"executes a tool call and feeds the result back","duration":12.319724999999949,"failureMessages":[],"meta":{}},{"ancestorTitles":["runAgentLoop"],"fullName":"runAgentLoop handles provider errors gracefully (returns error result, does not throw)","status":"passed","title":"handles provider errors gracefully (returns error result, does not throw)","duration":12.51416400000005,"failureMessages":[],"meta":{}},{"ancestorTitles":["runAgentLoop"],"fullName":"runAgentLoop stops cleanly on max turns","status":"passed","title":"stops cleanly on max turns","duration":9.627048999999943,"failureMessages":[],"meta":{}}],"startTime":1781069153083,"endTime":1781069153146.627,"status":"passed","message":"","name":"/home/dusanmilosavljevic/ruby-code/tests/loop.test.ts"},{"assertionResults":[{"ancestorTitles":["PermissionSystem — read-only mode"],"fullName":"PermissionSystem — read-only mode allows read tools","status":"passed","title":"allows read tools","duration":2.2690169999999625,"failureMessages":[],"meta":{}},{"ancestorTitles":["PermissionSystem — read-only mode"],"fullName":"PermissionSystem — read-only mode blocks write tools","status":"passed","title":"blocks write tools","duration":0.571514000000036,"failureMessages":[],"meta":{}},{"ancestorTitles":["PermissionSystem — normal mode"],"fullName":"PermissionSystem — normal mode blocks dangerous commands outright","status":"passed","title":"blocks dangerous commands outright","duration":0.9193260000000123,"failureMessages":[],"meta":{}},{"ancestorTitles":["PermissionSystem — normal mode"],"fullName":"PermissionSystem — normal mode requires confirmation for non-safe shell commands","status":"passed","title":"requires confirmation for non-safe shell commands","duration":0.7770580000000109,"failureMessages":[],"meta":{}},{"ancestorTitles":["PermissionSystem — normal mode"],"fullName":"PermissionSystem — normal mode auto-approves known-safe commands","status":"passed","title":"auto-approves known-safe commands","duration":0.42470700000001216,"failureMessages":[],"meta":{}},{"ancestorTitles":["PermissionSystem — normal mode"],"fullName":"PermissionSystem — normal mode allows write_file without confirm (confirmation handled at display level)","status":"passed","title":"allows write_file without confirm (confirmation handled at display level)","duration":0.19562700000000177,"failureMessages":[],"meta":{}},{"ancestorTitles":["PermissionSystem — normal mode"],"fullName":"PermissionSystem — normal mode allows edit_file without explicit confirm flag","status":"passed","title":"allows edit_file without explicit confirm flag","duration":0.2396269999999845,"failureMessages":[],"meta":{}},{"ancestorTitles":["PermissionSystem — auto mode"],"fullName":"PermissionSystem — auto mode allows everything except dangerous","status":"passed","title":"allows everything except dangerous","duration":0.3009479999999485,"failureMessages":[],"meta":{}},{"ancestorTitles":["PermissionSystem — auto mode"],"fullName":"PermissionSystem — auto mode still blocks dangerous commands","status":"passed","title":"still blocks dangerous commands","duration":0.2394170000000031,"failureMessages":[],"meta":{}}],"startTime":1781069153379,"endTime":1781069153388.2395,"status":"passed","message":"","name":"/home/dusanmilosavljevic/ruby-code/tests/permissions.test.ts"},{"assertionResults":[{"ancestorTitles":["loadProjectConfig"],"fullName":"loadProjectConfig returns empty when no .rubycode.json","status":"passed","title":"returns empty when no .rubycode.json","duration":48.92256599999996,"failureMessages":[],"meta":{}},{"ancestorTitles":["loadProjectConfig"],"fullName":"loadProjectConfig loads valid config from project root","status":"passed","title":"loads valid config from project root","duration":1.8111349999999788,"failureMessages":[],"meta":{}},{"ancestorTitles":["loadProjectConfig"],"fullName":"loadProjectConfig walks up to find ancestor config","status":"passed","title":"walks up to find ancestor config","duration":1.000692000000015,"failureMessages":[],"meta":{}},{"ancestorTitles":["loadProjectConfig"],"fullName":"loadProjectConfig silently returns empty on malformed JSON","status":"passed","title":"silently returns empty on malformed JSON","duration":1.067042000000015,"failureMessages":[],"meta":{}},{"ancestorTitles":["loadProjectConfig"],"fullName":"loadProjectConfig rejects invalid mode values","status":"passed","title":"rejects invalid mode values","duration":0.8259479999999826,"failureMessages":[],"meta":{}},{"ancestorTitles":["resolveConfig"],"fullName":"resolveConfig CLI args override file","status":"passed","title":"CLI args override file","duration":0.3553539999999771,"failureMessages":[],"meta":{}},{"ancestorTitles":["resolveConfig"],"fullName":"resolveConfig file config beats defaults","status":"passed","title":"file config beats defaults","duration":0.17991200000000163,"failureMessages":[],"meta":{}},{"ancestorTitles":["resolveConfig"],"fullName":"resolveConfig --auto flag sets mode to auto","status":"passed","title":"--auto flag sets mode to auto","duration":0.170833000000016,"failureMessages":[],"meta":{}},{"ancestorTitles":["resolveConfig"],"fullName":"resolveConfig --readonly flag sets mode to read-only","status":"passed","title":"--readonly flag sets mode to read-only","duration":0.21385500000002367,"failureMessages":[],"meta":{}},{"ancestorTitles":["resolveConfig"],"fullName":"resolveConfig ignore lists are concatenated","status":"passed","title":"ignore lists are concatenated","duration":0.3683449999999766,"failureMessages":[],"meta":{}},{"ancestorTitles":["resolveConfig"],"fullName":"resolveConfig passes through providers from file config","status":"passed","title":"passes through providers from file config","duration":0.29612900000000764,"failureMessages":[],"meta":{}},{"ancestorTitles":["resolveConfig"],"fullName":"resolveConfig defaults providers to empty array","status":"passed","title":"defaults providers to empty array","duration":0.2616959999999722,"failureMessages":[],"meta":{}},{"ancestorTitles":["loadProjectConfig — providers"],"fullName":"loadProjectConfig — providers parses valid providers array","status":"passed","title":"parses valid providers array","duration":2.655380999999977,"failureMessages":[],"meta":{}},{"ancestorTitles":["loadProjectConfig — providers"],"fullName":"loadProjectConfig — providers skips malformed provider entries","status":"passed","title":"skips malformed provider entries","duration":1.2245340000000056,"failureMessages":[],"meta":{}},{"ancestorTitles":["loadProjectConfig — providers"],"fullName":"loadProjectConfig — providers skips providers with non-string prefix entries","status":"passed","title":"skips providers with non-string prefix entries","duration":0.9649329999999736,"failureMessages":[],"meta":{}},{"ancestorTitles":["loadProjectConfig — providers"],"fullName":"loadProjectConfig — providers handles missing models array gracefully","status":"passed","title":"handles missing models array gracefully","duration":1.039453999999978,"failureMessages":[],"meta":{}}],"startTime":1781069152744,"endTime":1781069152806.0396,"status":"passed","message":"","name":"/home/dusanmilosavljevic/ruby-code/tests/project-config.test.ts"},{"assertionResults":[{"ancestorTitles":["RateLimiter"],"fullName":"RateLimiter allows instant acquire when tokens are available","status":"passed","title":"allows instant acquire when tokens are available","duration":2.390751000000023,"failureMessages":[],"meta":{}},{"ancestorTitles":["RateLimiter"],"fullName":"RateLimiter waits when bucket is empty","status":"passed","title":"waits when bucket is empty","duration":1.7881570000000124,"failureMessages":[],"meta":{}},{"ancestorTitles":["RateLimiter"],"fullName":"RateLimiter refills over time","status":"passed","title":"refills over time","duration":51.30738100000002,"failureMessages":[],"meta":{}},{"ancestorTitles":["RateLimiter"],"fullName":"RateLimiter rejects acquiring more than capacity","status":"passed","title":"rejects acquiring more than capacity","duration":2.396199000000024,"failureMessages":[],"meta":{}},{"ancestorTitles":["RateLimiter"],"fullName":"RateLimiter tryAcquire returns false when empty","status":"passed","title":"tryAcquire returns false when empty","duration":0.48072000000001935,"failureMessages":[],"meta":{}},{"ancestorTitles":["rpmLimiter"],"fullName":"rpmLimiter creates a working limiter from rpm","status":"passed","title":"creates a working limiter from rpm","duration":0.38336100000003626,"failureMessages":[],"meta":{}},{"ancestorTitles":["rpmLimiter"],"fullName":"rpmLimiter invokes onWait callback when waiting","status":"passed","title":"invokes onWait callback when waiting","duration":1006.508971,"failureMessages":[],"meta":{}},{"ancestorTitles":["TpmTracker"],"fullName":"TpmTracker tracks usage within a sliding window","status":"passed","title":"tracks usage within a sliding window","duration":0.54993300000001,"failureMessages":[],"meta":{}},{"ancestorTitles":["TpmTracker"],"fullName":"TpmTracker expires old entries outside the window","status":"passed","title":"expires old entries outside the window","duration":0.2470299999999952,"failureMessages":[],"meta":{}},{"ancestorTitles":["TpmTracker"],"fullName":"TpmTracker reports room-for-n correctly","status":"passed","title":"reports room-for-n correctly","duration":0.25219799999990755,"failureMessages":[],"meta":{}},{"ancestorTitles":["TpmTracker"],"fullName":"TpmTracker suggests wait time when no room","status":"passed","title":"suggests wait time when no room","duration":0.3119130000000041,"failureMessages":[],"meta":{}}],"startTime":1781069152948,"endTime":1781069154016.312,"status":"passed","message":"","name":"/home/dusanmilosavljevic/ruby-code/tests/rate-limiter.test.ts"},{"assertionResults":[{"ancestorTitles":["FallbackChainProvider"],"fullName":"FallbackChainProvider uses primary when it succeeds","status":"passed","title":"uses primary when it succeeds","duration":2.417850000000044,"failureMessages":[],"meta":{}},{"ancestorTitles":["FallbackChainProvider"],"fullName":"FallbackChainProvider falls over to next on retriable failure","status":"passed","title":"falls over to next on retriable failure","duration":5.978098999999929,"failureMessages":[],"meta":{}},{"ancestorTitles":["FallbackChainProvider"],"fullName":"FallbackChainProvider does not failover on non-retriable error","status":"passed","title":"does not failover on non-retriable error","duration":2.2323499999999967,"failureMessages":[],"meta":{}},{"ancestorTitles":["FallbackChainProvider"],"fullName":"FallbackChainProvider throws last error if all fail","status":"passed","title":"throws last error if all fail","duration":0.5690700000000106,"failureMessages":[],"meta":{}},{"ancestorTitles":["FallbackChainProvider"],"fullName":"FallbackChainProvider requires at least one provider","status":"passed","title":"requires at least one provider","duration":0.45788200000004053,"failureMessages":[],"meta":{}},{"ancestorTitles":["FallbackChainProvider"],"fullName":"FallbackChainProvider reports supportsTools only if all do","status":"passed","title":"reports supportsTools only if all do","duration":0.3554239999999709,"failureMessages":[],"meta":{}},{"ancestorTitles":["ResilientProvider"],"fullName":"ResilientProvider retries on 429 and eventually succeeds","status":"passed","title":"retries on 429 and eventually succeeds","duration":1.5282059999999547,"failureMessages":[],"meta":{}},{"ancestorTitles":["ResilientProvider"],"fullName":"ResilientProvider retries mid-stream only if first chunk fails","status":"passed","title":"retries mid-stream only if first chunk fails","duration":1.4703770000000986,"failureMessages":[],"meta":{}},{"ancestorTitles":["ResilientProvider"],"fullName":"ResilientProvider tracks token usage from response","status":"passed","title":"tracks token usage from response","duration":0.8223859999999377,"failureMessages":[],"meta":{}},{"ancestorTitles":["ResilientProvider"],"fullName":"ResilientProvider honours circuit breaker after too many failures","status":"passed","title":"honours circuit breaker after too many failures","duration":2.045313999999962,"failureMessages":[],"meta":{}}],"startTime":1781069152934,"endTime":1781069152953.0454,"status":"passed","message":"","name":"/home/dusanmilosavljevic/ruby-code/tests/resilience.test.ts"},{"assertionResults":[{"ancestorTitles":["withRetry"],"fullName":"withRetry returns immediately on success","status":"passed","title":"returns immediately on success","duration":2.933142000000032,"failureMessages":[],"meta":{}},{"ancestorTitles":["withRetry"],"fullName":"withRetry retries retriable errors and eventually succeeds","status":"passed","title":"retries retriable errors and eventually succeeds","duration":0.7483540000000062,"failureMessages":[],"meta":{}},{"ancestorTitles":["withRetry"],"fullName":"withRetry does not retry non-retriable errors","status":"passed","title":"does not retry non-retriable errors","duration":1.22467400000005,"failureMessages":[],"meta":{}},{"ancestorTitles":["withRetry"],"fullName":"withRetry gives up after maxAttempts","status":"passed","title":"gives up after maxAttempts","duration":1.2968209999999658,"failureMessages":[],"meta":{}},{"ancestorTitles":["withRetry"],"fullName":"withRetry honours retryAfter from error over backoff","status":"passed","title":"honours retryAfter from error over backoff","duration":3.9003790000000436,"failureMessages":[],"meta":{}},{"ancestorTitles":["withRetry"],"fullName":"withRetry uses exponential backoff when no retryAfter","status":"passed","title":"uses exponential backoff when no retryAfter","duration":0.7014900000000353,"failureMessages":[],"meta":{}},{"ancestorTitles":["withRetry"],"fullName":"withRetry caps delay at maxDelayMs","status":"passed","title":"caps delay at maxDelayMs","duration":0.5025110000000268,"failureMessages":[],"meta":{}},{"ancestorTitles":["withRetry"],"fullName":"withRetry aborts when signal is already aborted","status":"passed","title":"aborts when signal is already aborted","duration":1.090718000000038,"failureMessages":[],"meta":{}}],"startTime":1781069152911,"endTime":1781069152923.0908,"status":"passed","message":"","name":"/home/dusanmilosavljevic/ruby-code/tests/retry.test.ts"},{"assertionResults":[{"ancestorTitles":["sessionStore"],"fullName":"sessionStore save creates the file and load returns it","status":"passed","title":"save creates the file and load returns it","duration":6.85747600000002,"failureMessages":[],"meta":{}},{"ancestorTitles":["sessionStore"],"fullName":"sessionStore load returns empty for missing file","status":"passed","title":"load returns empty for missing file","duration":0.6922010000000114,"failureMessages":[],"meta":{}},{"ancestorTitles":["sessionStore"],"fullName":"sessionStore load returns empty for malformed JSON","status":"passed","title":"load returns empty for malformed JSON","duration":0.8935539999999946,"failureMessages":[],"meta":{}},{"ancestorTitles":["sessionStore"],"fullName":"sessionStore save creates parent directory if missing","status":"passed","title":"save creates parent directory if missing","duration":1.2496770000000197,"failureMessages":[],"meta":{}},{"ancestorTitles":["sessionStore"],"fullName":"sessionStore save is atomic (writes to .tmp then renames)","status":"passed","title":"save is atomic (writes to .tmp then renames)","duration":0.7656039999999962,"failureMessages":[],"meta":{}}],"startTime":1781069153418,"endTime":1781069153428.7656,"status":"passed","message":"","name":"/home/dusanmilosavljevic/ruby-code/tests/session-store.test.ts"},{"assertionResults":[{"ancestorTitles":["executeSpawnTask"],"fullName":"executeSpawnTask returns error when no spawner is registered","status":"passed","title":"returns error when no spawner is registered","duration":1.3700840000000198,"failureMessages":[],"meta":{}},{"ancestorTitles":["executeSpawnTask"],"fullName":"executeSpawnTask returns error for empty task","status":"passed","title":"returns error for empty task","duration":0.2897729999999683,"failureMessages":[],"meta":{}},{"ancestorTitles":["executeSpawnTask"],"fullName":"executeSpawnTask dispatches to registered spawner with parsed options","status":"passed","title":"dispatches to registered spawner with parsed options","duration":1.3021979999999758,"failureMessages":[],"meta":{}},{"ancestorTitles":["executeSpawnTask"],"fullName":"executeSpawnTask makeDefaultSpawner is a function (not undefined)","status":"passed","title":"makeDefaultSpawner is a function (not undefined)","duration":0.2348079999999868,"failureMessages":[],"meta":{}}],"startTime":1781069153641,"endTime":1781069153644.3022,"status":"passed","message":"","name":"/home/dusanmilosavljevic/ruby-code/tests/spawner.test.ts"},{"assertionResults":[{"ancestorTitles":["readFile"],"fullName":"readFile reads a small file with line numbers","status":"passed","title":"reads a small file with line numbers","duration":4.080570000000023,"failureMessages":[],"meta":{}},{"ancestorTitles":["readFile"],"fullName":"readFile reads a range","status":"passed","title":"reads a range","duration":1.1074800000000096,"failureMessages":[],"meta":{}},{"ancestorTitles":["readFile"],"fullName":"readFile errors on missing file","status":"passed","title":"errors on missing file","duration":0.6255720000000338,"failureMessages":[],"meta":{}},{"ancestorTitles":["readFile"],"fullName":"readFile truncates huge files with head + tail","status":"passed","title":"truncates huge files with head + tail","duration":1.2850869999999759,"failureMessages":[],"meta":{}},{"ancestorTitles":["editFile"],"fullName":"editFile replaces exact match","status":"passed","title":"replaces exact match","duration":1.3591890000000149,"failureMessages":[],"meta":{}},{"ancestorTitles":["editFile"],"fullName":"editFile returns helpful error on missing block","status":"passed","title":"returns helpful error on missing block","duration":0.9313389999999799,"failureMessages":[],"meta":{}},{"ancestorTitles":["editFile"],"fullName":"editFile handles CRLF line endings","status":"passed","title":"handles CRLF line endings","duration":0.7026070000000004,"failureMessages":[],"meta":{}},{"ancestorTitles":["writeFile"],"fullName":"writeFile creates new file","status":"passed","title":"creates new file","duration":1.1180259999999862,"failureMessages":[],"meta":{}},{"ancestorTitles":["writeFile"],"fullName":"writeFile overwrites existing file","status":"passed","title":"overwrites existing file","duration":0.7536610000000223,"failureMessages":[],"meta":{}},{"ancestorTitles":["writeFile"],"fullName":"writeFile creates parent directories","status":"passed","title":"creates parent directories","duration":0.9710790000000316,"failureMessages":[],"meta":{}},{"ancestorTitles":["runShell"],"fullName":"runShell runs echo","status":"passed","title":"runs echo","duration":6.493531000000019,"failureMessages":[],"meta":{}},{"ancestorTitles":["runShell"],"fullName":"runShell respects cwd override","status":"passed","title":"respects cwd override","duration":9.486387000000036,"failureMessages":[],"meta":{}},{"ancestorTitles":["runShell"],"fullName":"runShell times out gracefully","status":"passed","title":"times out gracefully","duration":108.12282700000003,"failureMessages":[],"meta":{}},{"ancestorTitles":["searchCode"],"fullName":"searchCode finds matches across files","status":"passed","title":"finds matches across files","duration":15.472098999999957,"failureMessages":[],"meta":{}},{"ancestorTitles":["searchCode"],"fullName":"searchCode reports no results","status":"passed","title":"reports no results","duration":19.450282000000016,"failureMessages":[],"meta":{}}],"startTime":1781069152772,"endTime":1781069152946.4502,"status":"passed","message":"","name":"/home/dusanmilosavljevic/ruby-code/tests/tools.test.ts"},{"assertionResults":[{"ancestorTitles":["competence — scoring"],"fullName":"competence — scoring defaultCompetenceMatrix() assigns higher priors on primary domains","status":"passed","title":"defaultCompetenceMatrix() assigns higher priors on primary domains","duration":2.1703999999999724,"failureMessages":[],"meta":{}},{"ancestorTitles":["competence — scoring"],"fullName":"competence — scoring recommendSpecialist() picks the highest score for a domain","status":"passed","title":"recommendSpecialist() picks the highest score for a domain","duration":0.715108999999984,"failureMessages":[],"meta":{}},{"ancestorTitles":["competence — scoring"],"fullName":"competence — scoring applyOutcome() increases score on success","status":"passed","title":"applyOutcome() increases score on success","duration":0.601756000000023,"failureMessages":[],"meta":{}},{"ancestorTitles":["competence — scoring"],"fullName":"competence — scoring applyOutcome() decreases score on failure","status":"passed","title":"applyOutcome() decreases score on failure","duration":0.4396529999999643,"failureMessages":[],"meta":{}},{"ancestorTitles":["competence — scoring"],"fullName":"competence — scoring PRIMARY_DOMAIN maps each specialist to its main domain","status":"passed","title":"PRIMARY_DOMAIN maps each specialist to its main domain","duration":0.35716999999999643,"failureMessages":[],"meta":{}},{"ancestorTitles":["competenceStore"],"fullName":"competenceStore load() returns defaults when file is missing","status":"passed","title":"load() returns defaults when file is missing","duration":1.6650960000000055,"failureMessages":[],"meta":{}},{"ancestorTitles":["competenceStore"],"fullName":"competenceStore save() and load() round-trip","status":"passed","title":"save() and load() round-trip","duration":6.336946000000012,"failureMessages":[],"meta":{}},{"ancestorTitles":["competenceStore"],"fullName":"competenceStore recordOutcome() persists updated scores","status":"passed","title":"recordOutcome() persists updated scores","duration":2.0647989999999936,"failureMessages":[],"meta":{}},{"ancestorTitles":["competenceStore"],"fullName":"competenceStore load() handles corrupt JSON gracefully — returns defaults, never throws","status":"passed","title":"load() handles corrupt JSON gracefully — returns defaults, never throws","duration":4.655646999999988,"failureMessages":[],"meta":{}}],"startTime":1781069152944,"endTime":1781069152963.6558,"status":"passed","message":"","name":"/home/dusanmilosavljevic/ruby-code/tests/orchestration/competence.test.ts"},{"assertionResults":[{"ancestorTitles":["executePlan — sequential execution"],"fullName":"executePlan — sequential execution single-step plan completes successfully","status":"passed","title":"single-step plan completes successfully","duration":6.0255919999999605,"failureMessages":[],"meta":{}},{"ancestorTitles":["executePlan — sequential execution"],"fullName":"executePlan — sequential execution plan status becomes done after completion","status":"passed","title":"plan status becomes done after completion","duration":1.0425970000000007,"failureMessages":[],"meta":{}},{"ancestorTitles":["executePlan — sequential execution"],"fullName":"executePlan — sequential execution step status becomes done after completion","status":"passed","title":"step status becomes done after completion","duration":0.8242020000000139,"failureMessages":[],"meta":{}},{"ancestorTitles":["executePlan — sequential execution"],"fullName":"executePlan — sequential execution step result is populated after completion","status":"passed","title":"step result is populated after completion","duration":0.7254460000000336,"failureMessages":[],"meta":{}},{"ancestorTitles":["executePlan — sequential execution"],"fullName":"executePlan — sequential execution plan.completed is set after execution","status":"passed","title":"plan.completed is set after execution","duration":0.6945060000000467,"failureMessages":[],"meta":{}},{"ancestorTitles":["executePlan — sequential execution"],"fullName":"executePlan — sequential execution plan.totalTokens is calculated after execution","status":"passed","title":"plan.totalTokens is calculated after execution","duration":1.0040440000000217,"failureMessages":[],"meta":{}},{"ancestorTitles":["executePlan — sequential execution"],"fullName":"executePlan — sequential execution plan.outcome is set via synthesise","status":"passed","title":"plan.outcome is set via synthesise","duration":4.8179589999999735,"failureMessages":[],"meta":{}},{"ancestorTitles":["executePlan — parallel execution"],"fullName":"executePlan — parallel execution two independent steps both complete","status":"passed","title":"two independent steps both complete","duration":1.3469669999999496,"failureMessages":[],"meta":{}},{"ancestorTitles":["executePlan — parallel execution"],"fullName":"executePlan — parallel execution parallel steps with no dependencies both marked done","status":"passed","title":"parallel steps with no dependencies both marked done","duration":1.0324690000001056,"failureMessages":[],"meta":{}},{"ancestorTitles":["executePlan — dependency handling"],"fullName":"executePlan — dependency handling step with dependsOn waits for dependency before running","status":"passed","title":"step with dependsOn waits for dependency before running","duration":1.2651120000000446,"failureMessages":[],"meta":{}},{"ancestorTitles":["executePlan — dependency handling"],"fullName":"executePlan — dependency handling step runs after dependency completes — dependency order respected","status":"passed","title":"step runs after dependency completes — dependency order respected","duration":1.2717480000000023,"failureMessages":[],"meta":{}},{"ancestorTitles":["executePlan — dependency handling"],"fullName":"executePlan — dependency handling dependent step is skipped when dependency fails","status":"passed","title":"dependent step is skipped when dependency fails","duration":0.9138789999999517,"failureMessages":[],"meta":{}},{"ancestorTitles":["executePlan — failure handling"],"fullName":"executePlan — failure handling failed step sets status to failed","status":"passed","title":"failed step sets status to failed","duration":6.186228000000028,"failureMessages":[],"meta":{}},{"ancestorTitles":["executePlan — failure handling"],"fullName":"executePlan — failure handling dependent steps are marked skipped when a dependency fails","status":"passed","title":"dependent steps are marked skipped when a dependency fails","duration":1.1281529999999975,"failureMessages":[],"meta":{}},{"ancestorTitles":["executePlan — failure handling"],"fullName":"executePlan — failure handling independent steps still run after a failure elsewhere","status":"passed","title":"independent steps still run after a failure elsewhere","duration":0.8145629999999073,"failureMessages":[],"meta":{}},{"ancestorTitles":["executePlan — failure handling"],"fullName":"executePlan — failure handling plan status becomes failed when a step fails","status":"passed","title":"plan status becomes failed when a step fails","duration":2.3402549999999565,"failureMessages":[],"meta":{}},{"ancestorTitles":["executePlan — failure handling"],"fullName":"executePlan — failure handling never throws — runSpecialist rejection is caught","status":"passed","title":"never throws — runSpecialist rejection is caught","duration":1.5604030000000648,"failureMessages":[],"meta":{}},{"ancestorTitles":["executePlan — signal / abort"],"fullName":"executePlan — signal / abort respects AbortSignal — returns plan in aborted state","status":"passed","title":"respects AbortSignal — returns plan in aborted state","duration":1.0546090000000277,"failureMessages":[],"meta":{}},{"ancestorTitles":["executePlan — memory"],"fullName":"executePlan — memory saves memory entry after each completed step","status":"passed","title":"saves memory entry after each completed step","duration":0.8242020000000139,"failureMessages":[],"meta":{}},{"ancestorTitles":["executePlan — memory"],"fullName":"executePlan — memory memory key equals step id","status":"passed","title":"memory key equals step id","duration":0.5672540000000481,"failureMessages":[],"meta":{}},{"ancestorTitles":["executePlan — display"],"fullName":"executePlan — display showPlan called at start","status":"passed","title":"showPlan called at start","duration":2.5927330000000666,"failureMessages":[],"meta":{}},{"ancestorTitles":["executePlan — display"],"fullName":"executePlan — display stepStarted called before each step","status":"passed","title":"stepStarted called before each step","duration":0.8339799999999968,"failureMessages":[],"meta":{}},{"ancestorTitles":["executePlan — display"],"fullName":"executePlan — display stepCompleted called after each successful step","status":"passed","title":"stepCompleted called after each successful step","duration":0.5695590000000266,"failureMessages":[],"meta":{}},{"ancestorTitles":["synthesise"],"fullName":"synthesise returns provider response text when available","status":"passed","title":"returns provider response text when available","duration":0.45865100000003167,"failureMessages":[],"meta":{}},{"ancestorTitles":["synthesise"],"fullName":"synthesise never throws — returns fallback on error","status":"passed","title":"never throws — returns fallback on error","duration":0.34571600000003855,"failureMessages":[],"meta":{}},{"ancestorTitles":["synthesise"],"fullName":"synthesise returns correct fallback when no steps are done","status":"passed","title":"returns correct fallback when no steps are done","duration":0.29731600000002345,"failureMessages":[],"meta":{}}],"startTime":1781069152270,"endTime":1781069152313.2974,"status":"passed","message":"","name":"/home/dusanmilosavljevic/ruby-code/tests/orchestration/executor.test.ts"},{"assertionResults":[{"ancestorTitles":["orchestration pipeline integration"],"fullName":"orchestration pipeline integration routeTask → createPlan → executePlan → synthesise: full pipeline","status":"passed","title":"routeTask → createPlan → executePlan → synthesise: full pipeline","duration":7.58431900000005,"failureMessages":[],"meta":{}},{"ancestorTitles":["orchestration pipeline integration"],"fullName":"orchestration pipeline integration all steps complete in correct dependency order","status":"passed","title":"all steps complete in correct dependency order","duration":4.479505999999901,"failureMessages":[],"meta":{}},{"ancestorTitles":["orchestration pipeline integration"],"fullName":"orchestration pipeline integration memory is populated after each step","status":"passed","title":"memory is populated after each step","duration":1.1507110000000011,"failureMessages":[],"meta":{}},{"ancestorTitles":["orchestration pipeline integration"],"fullName":"orchestration pipeline integration plan captures completed timestamp and outcome","status":"passed","title":"plan captures completed timestamp and outcome","duration":7.222188999999958,"failureMessages":[],"meta":{}},{"ancestorTitles":["orchestration pipeline integration"],"fullName":"orchestration pipeline integration pipeline handles step failure correctly","status":"passed","title":"pipeline handles step failure correctly","duration":1.270768999999973,"failureMessages":[],"meta":{}}],"startTime":1781069152306,"endTime":1781069152327.2708,"status":"passed","message":"","name":"/home/dusanmilosavljevic/ruby-code/tests/orchestration/integration.test.ts"},{"assertionResults":[{"ancestorTitles":["createPlan — happy path: plan shape"],"fullName":"createPlan — happy path: plan shape returns valid ExecutionPlan with correct shape","status":"passed","title":"returns valid ExecutionPlan with correct shape","duration":4.835350000000062,"failureMessages":[],"meta":{}},{"ancestorTitles":["createPlan — happy path: plan shape"],"fullName":"createPlan — happy path: plan shape plan has id (non-empty string)","status":"passed","title":"plan has id (non-empty string)","duration":0.6339530000000195,"failureMessages":[],"meta":{}},{"ancestorTitles":["createPlan — happy path: plan shape"],"fullName":"createPlan — happy path: plan shape plan status is pending","status":"passed","title":"plan status is pending","duration":0.2792269999999917,"failureMessages":[],"meta":{}},{"ancestorTitles":["createPlan — happy path: plan shape"],"fullName":"createPlan — happy path: plan shape plan created is a recent timestamp","status":"passed","title":"plan created is a recent timestamp","duration":0.42177300000003015,"failureMessages":[],"meta":{}},{"ancestorTitles":["createPlan — happy path: plan shape"],"fullName":"createPlan — happy path: plan shape all steps have ids","status":"passed","title":"all steps have ids","duration":0.39767799999992803,"failureMessages":[],"meta":{}},{"ancestorTitles":["createPlan — happy path: plan shape"],"fullName":"createPlan — happy path: plan shape all steps have status waiting","status":"passed","title":"all steps have status waiting","duration":0.3270679999999402,"failureMessages":[],"meta":{}},{"ancestorTitles":["createPlan — happy path: plan shape"],"fullName":"createPlan — happy path: plan shape steps with dependsOn reference valid step ids","status":"passed","title":"steps with dependsOn reference valid step ids","duration":0.39809700000000703,"failureMessages":[],"meta":{}},{"ancestorTitles":["createPlan — happy path: plan shape"],"fullName":"createPlan — happy path: plan shape goal matches the original task","status":"passed","title":"goal matches the original task","duration":0.3499770000000808,"failureMessages":[],"meta":{}},{"ancestorTitles":["createPlan — happy path: multi-step plan"],"fullName":"createPlan — happy path: multi-step plan returns plan with multiple steps for complex task","status":"passed","title":"returns plan with multiple steps for complex task","duration":0.3545169999999871,"failureMessages":[],"meta":{}},{"ancestorTitles":["createPlan — happy path: multi-step plan"],"fullName":"createPlan — happy path: multi-step plan steps are in correct dependency order","status":"passed","title":"steps are in correct dependency order","duration":1.1872390000000905,"failureMessages":[],"meta":{}},{"ancestorTitles":["createPlan — happy path: multi-step plan"],"fullName":"createPlan — happy path: multi-step plan no circular dependencies","status":"passed","title":"no circular dependencies","duration":0.4631899999999405,"failureMessages":[],"meta":{}},{"ancestorTitles":["createPlan — happy path: multi-step plan"],"fullName":"createPlan — happy path: multi-step plan all specialist values are valid enum values","status":"passed","title":"all specialist values are valid enum values","duration":0.4532729999999674,"failureMessages":[],"meta":{}},{"ancestorTitles":["createPlan — happy path: multi-step plan"],"fullName":"createPlan — happy path: multi-step plan handles parallel initial steps correctly","status":"passed","title":"handles parallel initial steps correctly","duration":5.132875000000013,"failureMessages":[],"meta":{}},{"ancestorTitles":["createPlan — happy path: multi-step plan"],"fullName":"createPlan — happy path: multi-step plan single-step plan is also valid","status":"passed","title":"single-step plan is also valid","duration":2.087917999999945,"failureMessages":[],"meta":{}},{"ancestorTitles":["createPlan — fallback behaviour"],"fullName":"createPlan — fallback behaviour returns single-step coder plan when provider returns invalid JSON","status":"passed","title":"returns single-step coder plan when provider returns invalid JSON","duration":3.6806569999999965,"failureMessages":[],"meta":{}},{"ancestorTitles":["createPlan — fallback behaviour"],"fullName":"createPlan — fallback behaviour returns single-step coder plan when provider throws","status":"passed","title":"returns single-step coder plan when provider throws","duration":4.171086000000059,"failureMessages":[],"meta":{}},{"ancestorTitles":["createPlan — fallback behaviour"],"fullName":"createPlan — fallback behaviour returns single-step coder plan when response is empty","status":"passed","title":"returns single-step coder plan when response is empty","duration":1.442440999999917,"failureMessages":[],"meta":{}},{"ancestorTitles":["createPlan — fallback behaviour"],"fullName":"createPlan — fallback behaviour fallback plan has status pending and step status waiting","status":"passed","title":"fallback plan has status pending and step status waiting","duration":0.4749930000000404,"failureMessages":[],"meta":{}},{"ancestorTitles":["createPlan — fallback behaviour"],"fullName":"createPlan — fallback behaviour fallback plan goal matches the original task","status":"passed","title":"fallback plan goal matches the original task","duration":0.3738629999999148,"failureMessages":[],"meta":{}},{"ancestorTitles":["createPlan — fallback behaviour"],"fullName":"createPlan — fallback behaviour fallback plan has a valid id","status":"passed","title":"fallback plan has a valid id","duration":0.3444600000000264,"failureMessages":[],"meta":{}},{"ancestorTitles":["createPlan — fallback behaviour"],"fullName":"createPlan — fallback behaviour never throws under any circumstances","status":"passed","title":"never throws under any circumstances","duration":1.409475000000043,"failureMessages":[],"meta":{}},{"ancestorTitles":["createPlan — validation rejections"],"fullName":"createPlan — validation rejections rejects circular dependencies → fallback plan","status":"passed","title":"rejects circular dependencies → fallback plan","duration":0.9698219999999083,"failureMessages":[],"meta":{}},{"ancestorTitles":["createPlan — validation rejections"],"fullName":"createPlan — validation rejections rejects unknown dependsOn ids → fallback plan","status":"passed","title":"rejects unknown dependsOn ids → fallback plan","duration":0.955993000000035,"failureMessages":[],"meta":{}},{"ancestorTitles":["createPlan — validation rejections"],"fullName":"createPlan — validation rejections rejects empty steps array → fallback plan","status":"passed","title":"rejects empty steps array → fallback plan","duration":1.0159869999999955,"failureMessages":[],"meta":{}},{"ancestorTitles":["createPlan — validation rejections"],"fullName":"createPlan — validation rejections rejects invalid specialist values → fallback plan","status":"passed","title":"rejects invalid specialist values → fallback plan","duration":0.9245650000000296,"failureMessages":[],"meta":{}},{"ancestorTitles":["createPlan — validation rejections"],"fullName":"createPlan — validation rejections rejects self-dependency → fallback plan","status":"passed","title":"rejects self-dependency → fallback plan","duration":0.6683850000000575,"failureMessages":[],"meta":{}},{"ancestorTitles":["createPlan — validation rejections"],"fullName":"createPlan — validation rejections rejects plan where steps is not an array → fallback plan","status":"passed","title":"rejects plan where steps is not an array → fallback plan","duration":0.8978149999999232,"failureMessages":[],"meta":{}},{"ancestorTitles":["createPlan — validation rejections"],"fullName":"createPlan — validation rejections rejects plan with missing goal field → fallback plan","status":"passed","title":"rejects plan with missing goal field → fallback plan","duration":2.3260080000000016,"failureMessages":[],"meta":{}},{"ancestorTitles":["createPlan — with memory"],"fullName":"createPlan — with memory still returns valid plan when memory is provided","status":"passed","title":"still returns valid plan when memory is provided","duration":1.5736029999999346,"failureMessages":[],"meta":{}},{"ancestorTitles":["createPlan — with memory"],"fullName":"createPlan — with memory still returns valid plan when memory is null","status":"passed","title":"still returns valid plan when memory is null","duration":1.5200340000000097,"failureMessages":[],"meta":{}},{"ancestorTitles":["createPlan — with memory"],"fullName":"createPlan — with memory still returns valid plan when memory is undefined","status":"passed","title":"still returns valid plan when memory is undefined","duration":1.276006999999936,"failureMessages":[],"meta":{}},{"ancestorTitles":["createPlan — with memory"],"fullName":"createPlan — with memory still returns valid plan when memory is an empty array","status":"passed","title":"still returns valid plan when memory is an empty array","duration":1.3535319999999729,"failureMessages":[],"meta":{}},{"ancestorTitles":["createPlan — with memory"],"fullName":"createPlan — with memory handles provider errors with memory provided → fallback","status":"passed","title":"handles provider errors with memory provided → fallback","duration":0.9288239999999632,"failureMessages":[],"meta":{}},{"ancestorTitles":["createPlan — with perception"],"fullName":"createPlan — with perception still returns valid plan when perception is provided","status":"passed","title":"still returns valid plan when perception is provided","duration":5.320959000000016,"failureMessages":[],"meta":{}},{"ancestorTitles":["createPlan — with perception"],"fullName":"createPlan — with perception still returns valid plan when perception is null","status":"passed","title":"still returns valid plan when perception is null","duration":1.499779999999987,"failureMessages":[],"meta":{}},{"ancestorTitles":["createPlan — with perception"],"fullName":"createPlan — with perception still returns valid plan when perception is undefined","status":"passed","title":"still returns valid plan when perception is undefined","duration":4.841845000000035,"failureMessages":[],"meta":{}},{"ancestorTitles":["createPlan — with perception"],"fullName":"createPlan — with perception handles provider errors with perception → fallback","status":"passed","title":"handles provider errors with perception → fallback","duration":1.0612439999999879,"failureMessages":[],"meta":{}},{"ancestorTitles":["ORCHESTRATOR_SYSTEM_PROMPT"],"fullName":"ORCHESTRATOR_SYSTEM_PROMPT returns a non-empty string","status":"passed","title":"returns a non-empty string","duration":0.2942430000000513,"failureMessages":[],"meta":{}},{"ancestorTitles":["ORCHESTRATOR_SYSTEM_PROMPT"],"fullName":"ORCHESTRATOR_SYSTEM_PROMPT contains the project name","status":"passed","title":"contains the project name","duration":0.22705499999995027,"failureMessages":[],"meta":{}},{"ancestorTitles":["ORCHESTRATOR_SYSTEM_PROMPT"],"fullName":"ORCHESTRATOR_SYSTEM_PROMPT contains all four specialist names","status":"passed","title":"contains all four specialist names","duration":0.3153350000000046,"failureMessages":[],"meta":{}},{"ancestorTitles":["ORCHESTRATOR_SYSTEM_PROMPT"],"fullName":"ORCHESTRATOR_SYSTEM_PROMPT contains instruction to output JSON","status":"passed","title":"contains instruction to output JSON","duration":0.5215780000000905,"failureMessages":[],"meta":{}},{"ancestorTitles":["ORCHESTRATOR_SYSTEM_PROMPT"],"fullName":"ORCHESTRATOR_SYSTEM_PROMPT does NOT contain risk areas when perception is undefined","status":"passed","title":"does NOT contain risk areas when perception is undefined","duration":0.4414689999999837,"failureMessages":[],"meta":{}},{"ancestorTitles":["ORCHESTRATOR_SYSTEM_PROMPT"],"fullName":"ORCHESTRATOR_SYSTEM_PROMPT does NOT contain risk areas when perception has empty risk areas","status":"passed","title":"does NOT contain risk areas when perception has empty risk areas","duration":0.2477280000000519,"failureMessages":[],"meta":{}},{"ancestorTitles":["ORCHESTRATOR_SYSTEM_PROMPT"],"fullName":"ORCHESTRATOR_SYSTEM_PROMPT includes risk areas when perception has them","status":"passed","title":"includes risk areas when perception has them","duration":0.23844000000008236,"failureMessages":[],"meta":{}},{"ancestorTitles":["ORCHESTRATOR_SYSTEM_PROMPT"],"fullName":"ORCHESTRATOR_SYSTEM_PROMPT includes strict rules when perception has them","status":"passed","title":"includes strict rules when perception has them","duration":0.20128399999998692,"failureMessages":[],"meta":{}},{"ancestorTitles":["ORCHESTRATOR_SYSTEM_PROMPT"],"fullName":"ORCHESTRATOR_SYSTEM_PROMPT includes read-only paths when perception has them","status":"passed","title":"includes read-only paths when perception has them","duration":0.2398359999999684,"failureMessages":[],"meta":{}},{"ancestorTitles":["ORCHESTRATOR_SYSTEM_PROMPT"],"fullName":"ORCHESTRATOR_SYSTEM_PROMPT contains GOOD EXAMPLE and BAD EXAMPLE sections","status":"passed","title":"contains GOOD EXAMPLE and BAD EXAMPLE sections","duration":0.21797600000002149,"failureMessages":[],"meta":{}},{"ancestorTitles":["ORCHESTRATOR_SYSTEM_PROMPT"],"fullName":"ORCHESTRATOR_SYSTEM_PROMPT changes between calls with vs without perception risk areas","status":"passed","title":"changes between calls with vs without perception risk areas","duration":0.4647269999999253,"failureMessages":[],"meta":{}},{"ancestorTitles":["ORCHESTRATOR_SYSTEM_PROMPT"],"fullName":"ORCHESTRATOR_SYSTEM_PROMPT contains the project language and framework","status":"passed","title":"contains the project language and framework","duration":0.23480800000004365,"failureMessages":[],"meta":{}}],"startTime":1781069152235,"endTime":1781069152297.4648,"status":"passed","message":"","name":"/home/dusanmilosavljevic/ruby-code/tests/orchestration/orchestrator.test.ts"},{"assertionResults":[{"ancestorTitles":["planStore — plans"],"fullName":"planStore — plans save() writes valid JSON to correct path","status":"passed","title":"save() writes valid JSON to correct path","duration":14.453807999999981,"failureMessages":[],"meta":{}},{"ancestorTitles":["planStore — plans"],"fullName":"planStore — plans load() returns null when plan does not exist","status":"passed","title":"load() returns null when plan does not exist","duration":0.7547099999999318,"failureMessages":[],"meta":{}},{"ancestorTitles":["planStore — plans"],"fullName":"planStore — plans load() returns correct plan after save()","status":"passed","title":"load() returns correct plan after save()","duration":2.140088999999989,"failureMessages":[],"meta":{}},{"ancestorTitles":["planStore — plans"],"fullName":"planStore — plans list() returns empty array when no plans exist","status":"passed","title":"list() returns empty array when no plans exist","duration":0.48511999999993805,"failureMessages":[],"meta":{}},{"ancestorTitles":["planStore — plans"],"fullName":"planStore — plans list() returns all saved plans","status":"passed","title":"list() returns all saved plans","duration":1.9765200000000505,"failureMessages":[],"meta":{}},{"ancestorTitles":["planStore — plans"],"fullName":"planStore — plans delete() removes the plan file","status":"passed","title":"delete() removes the plan file","duration":0.9610920000000078,"failureMessages":[],"meta":{}},{"ancestorTitles":["planStore — plans"],"fullName":"planStore — plans delete() is safe when file does not exist","status":"passed","title":"delete() is safe when file does not exist","duration":1.3068779999999833,"failureMessages":[],"meta":{}},{"ancestorTitles":["planStore — memory"],"fullName":"planStore — memory saveMemory() creates the file if it does not exist","status":"passed","title":"saveMemory() creates the file if it does not exist","duration":10.03820600000006,"failureMessages":[],"meta":{}},{"ancestorTitles":["planStore — memory"],"fullName":"planStore — memory saveMemory() appends to existing memory","status":"passed","title":"saveMemory() appends to existing memory","duration":8.415435000000002,"failureMessages":[],"meta":{}},{"ancestorTitles":["planStore — memory"],"fullName":"planStore — memory getMemory() returns null for unknown key","status":"passed","title":"getMemory() returns null for unknown key","duration":0.494619000000057,"failureMessages":[],"meta":{}},{"ancestorTitles":["planStore — memory"],"fullName":"planStore — memory getMemory() returns correct entry after save","status":"passed","title":"getMemory() returns correct entry after save","duration":1.3850999999999658,"failureMessages":[],"meta":{}},{"ancestorTitles":["planStore — memory"],"fullName":"planStore — memory getMemory() returns the latest entry when the same key is written twice","status":"passed","title":"getMemory() returns the latest entry when the same key is written twice","duration":1.488256999999976,"failureMessages":[],"meta":{}},{"ancestorTitles":["planStore — memory"],"fullName":"planStore — memory listMemory() returns all entries","status":"passed","title":"listMemory() returns all entries","duration":2.786055000000033,"failureMessages":[],"meta":{}},{"ancestorTitles":["planStore — memory"],"fullName":"planStore — memory listMemory() handles corrupt JSON gracefully — returns empty, never throws","status":"passed","title":"listMemory() handles corrupt JSON gracefully — returns empty, never throws","duration":5.249161000000072,"failureMessages":[],"meta":{}},{"ancestorTitles":["planStore — memory"],"fullName":"planStore — memory getMemory() handles corrupt JSON gracefully — returns null, never throws","status":"passed","title":"getMemory() handles corrupt JSON gracefully — returns null, never throws","duration":2.002220999999963,"failureMessages":[],"meta":{}}],"startTime":1781069152282,"endTime":1781069152337.0022,"status":"passed","message":"","name":"/home/dusanmilosavljevic/ruby-code/tests/orchestration/plan-store.test.ts"},{"assertionResults":[{"ancestorTitles":["routeTask — happy path: decompose"],"fullName":"routeTask — happy path: decompose returns shouldDecompose: true for complex multi-module task","status":"passed","title":"returns shouldDecompose: true for complex multi-module task","duration":3.13274899999999,"failureMessages":[],"meta":{}},{"ancestorTitles":["routeTask — happy path: decompose"],"fullName":"routeTask — happy path: decompose returns correct estimatedSteps when provided","status":"passed","title":"returns correct estimatedSteps when provided","duration":0.7128739999999425,"failureMessages":[],"meta":{}},{"ancestorTitles":["routeTask — happy path: decompose"],"fullName":"routeTask — happy path: decompose rounds fractional estimatedSteps to an integer","status":"passed","title":"rounds fractional estimatedSteps to an integer","duration":0.3010870000000523,"failureMessages":[],"meta":{}},{"ancestorTitles":["routeTask — happy path: decompose"],"fullName":"routeTask — happy path: decompose returns confidence between 0 and 1","status":"passed","title":"returns confidence between 0 and 1","duration":0.8056240000000798,"failureMessages":[],"meta":{}},{"ancestorTitles":["routeTask — happy path: decompose"],"fullName":"routeTask — happy path: decompose returns non-empty reason string","status":"passed","title":"returns non-empty reason string","duration":0.6104159999999865,"failureMessages":[],"meta":{}},{"ancestorTitles":["routeTask — happy path: decompose"],"fullName":"routeTask — happy path: decompose omits estimatedSteps when model does not provide it","status":"passed","title":"omits estimatedSteps when model does not provide it","duration":0.7048419999999851,"failureMessages":[],"meta":{}},{"ancestorTitles":["routeTask — happy path: single agent"],"fullName":"routeTask — happy path: single agent returns shouldDecompose: false for simple focused task","status":"passed","title":"returns shouldDecompose: false for simple focused task","duration":0.6668480000000727,"failureMessages":[],"meta":{}},{"ancestorTitles":["routeTask — happy path: single agent"],"fullName":"routeTask — happy path: single agent returns confidence between 0 and 1","status":"passed","title":"returns confidence between 0 and 1","duration":0.5781490000000531,"failureMessages":[],"meta":{}},{"ancestorTitles":["routeTask — happy path: single agent"],"fullName":"routeTask — happy path: single agent recognises single-file changes as single-agent","status":"passed","title":"recognises single-file changes as single-agent","duration":0.6785120000000688,"failureMessages":[],"meta":{}},{"ancestorTitles":["routeTask — error handling: provider / parse failures"],"fullName":"routeTask — error handling: provider / parse failures returns shouldDecompose: false when provider returns invalid JSON","status":"passed","title":"returns shouldDecompose: false when provider returns invalid JSON","duration":0.8594020000000455,"failureMessages":[],"meta":{}},{"ancestorTitles":["routeTask — error handling: provider / parse failures"],"fullName":"routeTask — error handling: provider / parse failures returns shouldDecompose: false when provider returns wrong-shape JSON","status":"passed","title":"returns shouldDecompose: false when provider returns wrong-shape JSON","duration":0.6722269999999071,"failureMessages":[],"meta":{}},{"ancestorTitles":["routeTask — error handling: provider / parse failures"],"fullName":"routeTask — error handling: provider / parse failures returns shouldDecompose: false when provider throws","status":"passed","title":"returns shouldDecompose: false when provider throws","duration":0.7683289999999943,"failureMessages":[],"meta":{}},{"ancestorTitles":["routeTask — error handling: provider / parse failures"],"fullName":"routeTask — error handling: provider / parse failures returns shouldDecompose: false when response text is empty","status":"passed","title":"returns shouldDecompose: false when response text is empty","duration":0.9723360000000412,"failureMessages":[],"meta":{}},{"ancestorTitles":["routeTask — error handling: provider / parse failures"],"fullName":"routeTask — error handling: provider / parse failures returns shouldDecompose: false when response text is only whitespace","status":"passed","title":"returns shouldDecompose: false when response text is only whitespace","duration":0.7029569999999694,"failureMessages":[],"meta":{}},{"ancestorTitles":["routeTask — error handling: provider / parse failures"],"fullName":"routeTask — error handling: provider / parse failures never throws under any circumstances","status":"passed","title":"never throws under any circumstances","duration":2.7822140000000672,"failureMessages":[],"meta":{}},{"ancestorTitles":["routeTask — error handling: provider / parse failures"],"fullName":"routeTask — error handling: provider / parse failures handles response that is a JSON array (not an object)","status":"passed","title":"handles response that is a JSON array (not an object)","duration":0.6847970000000032,"failureMessages":[],"meta":{}},{"ancestorTitles":["routeTask — confidence clamping"],"fullName":"routeTask — confidence clamping clamps negative confidence to 0","status":"passed","title":"clamps negative confidence to 0","duration":0.32413500000006934,"failureMessages":[],"meta":{}},{"ancestorTitles":["routeTask — confidence clamping"],"fullName":"routeTask — confidence clamping clamps confidence above 1 to 1","status":"passed","title":"clamps confidence above 1 to 1","duration":0.3558429999999362,"failureMessages":[],"meta":{}},{"ancestorTitles":["routeTask — confidence clamping"],"fullName":"routeTask — confidence clamping defaults non-numeric confidence to 0","status":"passed","title":"defaults non-numeric confidence to 0","duration":1.6616040000000112,"failureMessages":[],"meta":{}},{"ancestorTitles":["routeTask — confidence clamping"],"fullName":"routeTask — confidence clamping confidence is never NaN","status":"passed","title":"confidence is never NaN","duration":0.44503199999996923,"failureMessages":[],"meta":{}},{"ancestorTitles":["routeTask — confidence clamping"],"fullName":"routeTask — confidence clamping confidence is always in [0, 1] for every edge case","status":"passed","title":"confidence is always in [0, 1] for every edge case","duration":1.35038899999995,"failureMessages":[],"meta":{}},{"ancestorTitles":["routeTask — reason is always non-empty"],"fullName":"routeTask — reason is always non-empty provides fallback reason when model omits reason field","status":"passed","title":"provides fallback reason when model omits reason field","duration":0.3552150000000438,"failureMessages":[],"meta":{}},{"ancestorTitles":["routeTask — reason is always non-empty"],"fullName":"routeTask — reason is always non-empty provides fallback reason when model reason is empty string","status":"passed","title":"provides fallback reason when model reason is empty string","duration":0.30779199999994944,"failureMessages":[],"meta":{}},{"ancestorTitles":["routeTask — reason is always non-empty"],"fullName":"routeTask — reason is always non-empty provides fallback reason when provider fails completely","status":"passed","title":"provides fallback reason when provider fails completely","duration":0.5238820000000715,"failureMessages":[],"meta":{}},{"ancestorTitles":["routeTask — with perception"],"fullName":"routeTask — with perception still returns valid RouterDecision when perception is provided","status":"passed","title":"still returns valid RouterDecision when perception is provided","duration":0.8067409999999882,"failureMessages":[],"meta":{}},{"ancestorTitles":["routeTask — with perception"],"fullName":"routeTask — with perception still returns valid RouterDecision when perception is null","status":"passed","title":"still returns valid RouterDecision when perception is null","duration":0.5643209999999499,"failureMessages":[],"meta":{}},{"ancestorTitles":["routeTask — with perception"],"fullName":"routeTask — with perception still returns valid RouterDecision when perception is undefined","status":"passed","title":"still returns valid RouterDecision when perception is undefined","duration":0.5636219999998957,"failureMessages":[],"meta":{}},{"ancestorTitles":["routeTask — with perception"],"fullName":"routeTask — with perception still handles provider errors even with perception provided","status":"passed","title":"still handles provider errors even with perception provided","duration":0.6389120000000048,"failureMessages":[],"meta":{}},{"ancestorTitles":["routeTask — with perception"],"fullName":"routeTask — with perception still handles provider throws even with perception provided","status":"passed","title":"still handles provider throws even with perception provided","duration":0.7567339999999376,"failureMessages":[],"meta":{}},{"ancestorTitles":["routeTask — edge case: empty or whitespace task"],"fullName":"routeTask — edge case: empty or whitespace task handles empty task string gracefully","status":"passed","title":"handles empty task string gracefully","duration":0.7435349999999517,"failureMessages":[],"meta":{}},{"ancestorTitles":["routeTask — edge case: empty or whitespace task"],"fullName":"routeTask — edge case: empty or whitespace task handles whitespace-only task string gracefully","status":"passed","title":"handles whitespace-only task string gracefully","duration":0.5310060000000476,"failureMessages":[],"meta":{}},{"ancestorTitles":["routeTask — markdown fence stripping"],"fullName":"routeTask — markdown fence stripping strips ```json fences from model response","status":"passed","title":"strips ```json fences from model response","duration":0.8300689999999804,"failureMessages":[],"meta":{}},{"ancestorTitles":["routeTask — markdown fence stripping"],"fullName":"routeTask — markdown fence stripping strips bare ``` fences from model response","status":"passed","title":"strips bare ``` fences from model response","duration":0.5159209999999348,"failureMessages":[],"meta":{}},{"ancestorTitles":["routeTask — markdown fence stripping"],"fullName":"routeTask — markdown fence stripping strips fences even with trailing whitespace","status":"passed","title":"strips fences even with trailing whitespace","duration":0.5752860000000055,"failureMessages":[],"meta":{}}],"startTime":1781069152248,"endTime":1781069152277.5752,"status":"passed","message":"","name":"/home/dusanmilosavljevic/ruby-code/tests/orchestration/router.test.ts"},{"assertionResults":[{"ancestorTitles":["detectRubyProject"],"fullName":"detectRubyProject returns unknown for empty non-Ruby directory","status":"passed","title":"returns unknown for empty non-Ruby directory","duration":3.942493000000013,"failureMessages":[],"meta":{}},{"ancestorTitles":["detectRubyProject"],"fullName":"detectRubyProject detects plain Ruby project with Gemfile and lib/","status":"passed","title":"detects plain Ruby project with Gemfile and lib/","duration":1.444535999999971,"failureMessages":[],"meta":{}},{"ancestorTitles":["detectRubyProject"],"fullName":"detectRubyProject detects Rails from Gemfile and config/application.rb","status":"passed","title":"detects Rails from Gemfile and config/application.rb","duration":2.460663000000011,"failureMessages":[],"meta":{}},{"ancestorTitles":["detectRubyProject"],"fullName":"detectRubyProject reads ruby version fr
[...]
meta":{}},{"ancestorTitles":["RubyModel — getVersion / updateModel"],"fullName":"RubyModel — getVersion / updateModel getVersion returns the model name","status":"passed","title":"getVersion returns the model name","duration":0.41597699999999804,"failureMessages":[],"meta":{}},{"ancestorTitles":["RubyModel — getVersion / updateModel"],"fullName":"RubyModel — getVersion / updateModel updateModel changes the internal model reference","status":"passed","title":"updateModel changes the internal model reference","duration":0.5083069999999452,"failureMessages":[],"meta":{}},{"ancestorTitles":["RubyModel — getVersion / updateModel"],"fullName":"RubyModel — getVersion / updateModel updateModel does not affect other instances","status":"passed","title":"updateModel does not affect other instances","duration":0.5362440000000106,"failureMessages":[],"meta":{}},{"ancestorTitles":["RubyModel — getVersion / updateModel"],"fullName":"RubyModel — getVersion / updateModel model property reflects current model name","status":"passed","title":"model property reflects current model name","duration":0.3864340000000084,"failureMessages":[],"meta":{}},{"ancestorTitles":["RubyModel — complete"],"fullName":"RubyModel — complete delegates to internal OpenAICompatibleProvider","status":"passed","title":"delegates to internal OpenAICompatibleProvider","duration":1315.6669080000001,"failureMessages":[],"meta":{}},{"ancestorTitles":["RubyModel — stream"],"fullName":"RubyModel — stream delegates to internal OpenAICompatibleProvider","status":"passed","title":"delegates to internal OpenAICompatibleProvider","duration":1427.638501,"failureMessages":[],"meta":{}},{"ancestorTitles":["RubyModel — name"],"fullName":"RubyModel — name name is always \"Ruby\"","status":"passed","title":"name is always \"Ruby\"","duration":0.31673200000022916,"failureMessages":[],"meta":{}},{"ancestorTitles":["RubyModel — name"],"fullName":"RubyModel — name name does not change after updateModel","status":"passed","title":"name does not change after updateModel","duration":0.2581350000000384,"failureMessages":[],"meta":{}},{"ancestorTitles":["RubyModel — name"],"fullName":"RubyModel — name supportsTools is true","status":"passed","title":"supportsTools is true","duration":0.1727179999998043,"failureMessages":[],"meta":{}},{"ancestorTitles":["RubyModel — constructor"],"fullName":"RubyModel — constructor uses provided model name from config","status":"passed","title":"uses provided model name from config","duration":0.1785850000001119,"failureMessages":[],"meta":{}},{"ancestorTitles":["RubyModel — constructor"],"fullName":"RubyModel — constructor uses provided base URL for Ollama calls","status":"passed","title":"uses provided base URL for Ollama calls","duration":0.4445429999996122,"failureMessages":[],"meta":{}},{"ancestorTitles":["RubyModel — constructor"],"fullName":"RubyModel — constructor model property matches config.modelName","status":"passed","title":"model property matches config.modelName","duration":0.17935299999999188,"failureMessages":[],"meta":{}}],"startTime":1781069152405,"endTime":1781069155162.1794,"status":"passed","message":"","name":"/home/dusanmilosavljevic/ruby-code/tests/ruby/ruby-model.test.ts"},{"assertionResults":[{"ancestorTitles":["generateTrainingData"],"fullName":"generateTrainingData filters out episodes where rubyAttempted is false","status":"passed","title":"filters out episodes where rubyAttempted is false","duration":2.6890450000000783,"failureMessages":[],"meta":{}},{"ancestorTitles":["generateTrainingData"],"fullName":"generateTrainingData filters out episodes where rubySucceeded is true (only failures)","status":"passed","title":"filters out episodes where rubySucceeded is true (only failures)","duration":0.49427000000002863,"failureMessages":[],"meta":{}},{"ancestorTitles":["generateTrainingData"],"fullName":"generateTrainingData filters out episodes without largeModelOutput","status":"passed","title":"filters out episodes without largeModelOutput","duration":0.639889999999923,"failureMessages":[],"meta":{}},{"ancestorTitles":["generateTrainingData"],"fullName":"generateTrainingData filters out episodes where reviewerApproved is false","status":"passed","title":"filters out episodes where reviewerApproved is false","duration":0.440003000000047,"failureMessages":[],"meta":{}},{"ancestorTitles":["generateTrainingData"],"fullName":"generateTrainingData returns correct TrainingExample shape","status":"passed","title":"returns correct TrainingExample shape","duration":1.1312949999999091,"failureMessages":[],"meta":{}},{"ancestorTitles":["generateTrainingData"],"fullName":"generateTrainingData instruction includes project vision from perception","status":"passed","title":"instruction includes project vision from perception","duration":0.3729550000000472,"failureMessages":[],"meta":{}},{"ancestorTitles":["generateTrainingData"],"fullName":"generateTrainingData instruction includes strict rules from perception","status":"passed","title":"instruction includes strict rules from perception","duration":0.2424900000000889,"failureMessages":[],"meta":{}},{"ancestorTitles":["generateTrainingData"],"fullName":"generateTrainingData returns empty array for no qualifying episodes","status":"passed","title":"returns empty array for no qualifying episodes","duration":0.9126220000000558,"failureMessages":[],"meta":{}},{"ancestorTitles":["generateTrainingData"],"fullName":"generateTrainingData returns empty array for empty input","status":"passed","title":"returns empty array for empty input","duration":0.22998900000004596,"failureMessages":[],"meta":{}},{"ancestorTitles":["generateTrainingData"],"fullName":"generateTrainingData never throws on invalid input (null, undefined)","status":"passed","title":"never throws on invalid input (null, undefined)","duration":1.066412000000014,"failureMessages":[],"meta":{}},{"ancestorTitles":["generateTrainingData"],"fullName":"generateTrainingData input field contains the original task text","status":"passed","title":"input field contains the original task text","duration":0.308840000000032,"failureMessages":[],"meta":{}},{"ancestorTitles":["generateTrainingData"],"fullName":"generateTrainingData metadata includes rubyFailureReason from rubyOutput","status":"passed","title":"metadata includes rubyFailureReason from rubyOutput","duration":0.2918680000000222,"failureMessages":[],"meta":{}},{"ancestorTitles":["generateTrainingData"],"fullName":"generateTrainingData multiple qualifying episodes all produce examples","status":"passed","title":"multiple qualifying episodes all produce examples","duration":2.410376000000042,"failureMessages":[],"meta":{}},{"ancestorTitles":["exportJSONL"],"fullName":"exportJSONL writes correct JSONL format","status":"passed","title":"writes correct JSONL format","duration":11.45291999999995,"failureMessages":[],"meta":{}},{"ancestorTitles":["exportJSONL"],"fullName":"exportJSONL each line is valid JSON","status":"passed","title":"each line is valid JSON","duration":8.80396399999995,"failureMessages":[],"meta":{}},{"ancestorTitles":["exportJSONL"],"fullName":"exportJSONL each line has messages array with user + assistant (2 messages)","status":"passed","title":"each line has messages array with user + assistant (2 messages)","duration":1.0484639999999672,"failureMessages":[],"meta":{}},{"ancestorTitles":["exportJSONL"],"fullName":"exportJSONL user message combines instruction and input","status":"passed","title":"user message combines instruction and input","duration":0.8141449999999395,"failureMessages":[],"meta":{}},{"ancestorTitles":["exportJSONL"],"fullName":"exportJSONL assistant message contains the large model output","status":"passed","title":"assistant message contains the large model output","duration":0.5933749999999236,"failureMessages":[],"meta":{}},{"ancestorTitles":["exportJSONL"],"fullName":"exportJSONL handles empty examples array","status":"passed","title":"handles empty examples array","duration":0.5710960000000114,"failureMessages":[],"meta":{}},{"ancestorTitles":["exportJSONL"],"fullName":"exportJSONL creates parent directories if needed","status":"passed","title":"creates parent directories if needed","duration":0.82133900000008,"failureMessages":[],"meta":{}},{"ancestorTitles":["exportJSONL"],"fullName":"exportJSONL never throws on null examples","status":"passed","title":"never throws on null examples","duration":0.5968669999999747,"failureMessages":[],"meta":{}}],"startTime":1781069152249,"endTime":1781069152285.597,"status":"passed","message":"","name":"/home/dusanmilosavljevic/ruby-code/tests/ruby/training-data.test.ts"},{"assertionResults":[{"ancestorTitles":["collectProjectFiles"],"fullName":"collectProjectFiles collects flat files","status":"passed","title":"collects flat files","duration":4.030144000000064,"failureMessages":[],"meta":{}},{"ancestorTitles":["collectProjectFiles"],"fullName":"collectProjectFiles skips node_modules and .git","status":"passed","title":"skips node_modules and .git","duration":1.8022649999999203,"failureMessages":[],"meta":{}},{"ancestorTitles":["collectProjectFiles"],"fullName":"collectProjectFiles collects nested files with relative paths","status":"passed","title":"collects nested files with relative paths","duration":1.5242250000000013,"failureMessages":[],"meta":{}},{"ancestorTitles":["collectProjectFiles"],"fullName":"collectProjectFiles skips hidden dotfiles","status":"passed","title":"skips hidden dotfiles","duration":0.8896429999999782,"failureMessages":[],"meta":{}},{"ancestorTitles":["collectProjectFiles"],"fullName":"collectProjectFiles returns empty set for empty directory","status":"passed","title":"returns empty set for empty directory","duration":1.1370229999999992,"failureMessages":[],"meta":{}},{"ancestorTitles":["verifyWrittenFiles"],"fullName":"verifyWrittenFiles passes when file exists with sufficient size","status":"passed","title":"passes when file exists with sufficient size","duration":2.645603000000051,"failureMessages":[],"meta":{}},{"ancestorTitles":["verifyWrittenFiles"],"fullName":"verifyWrittenFiles fails when file does not exist","status":"passed","title":"fails when file does not exist","duration":0.7678389999999808,"failureMessages":[],"meta":{}},{"ancestorTitles":["verifyWrittenFiles"],"fullName":"verifyWrittenFiles fails when file is too small","status":"passed","title":"fails when file is too small","duration":0.9624879999998939,"failureMessages":[],"meta":{}},{"ancestorTitles":["verifyEditedFiles"],"fullName":"verifyEditedFiles passes when file was modified after task started","status":"passed","title":"passes when file was modified after task started","duration":1.242413000000056,"failureMessages":[],"meta":{}},{"ancestorTitles":["verifyEditedFiles"],"fullName":"verifyEditedFiles fails when file was not modified during task window","status":"passed","title":"fails when file was not modified during task window","duration":3.3040710000000217,"failureMessages":[],"meta":{}},{"ancestorTitles":["verifyEditedFiles"],"fullName":"verifyEditedFiles fails when target file does not exist","status":"passed","title":"fails when target file does not exist","duration":0.7899790000000166,"failureMessages":[],"meta":{}},{"ancestorTitles":["verifyEditedFiles"],"fullName":"verifyEditedFiles passes with 50ms slack on file system timestamp rounding","status":"passed","title":"passes with 50ms slack on file system timestamp rounding","duration":0.8532559999999876,"failureMessages":[],"meta":{}},{"ancestorTitles":["verifyTaskIntent"],"fullName":"verifyTaskIntent passes when create task results in new files","status":"passed","title":"passes when create task results in new files","duration":1.0626419999999825,"failureMessages":[],"meta":{}},{"ancestorTitles":["verifyTaskIntent"],"fullName":"verifyTaskIntent fails when create task has no new files and no write_file calls","status":"passed","title":"fails when create task has no new files and no write_file calls","duration":0.7730080000000044,"failureMessages":[],"meta":{}},{"ancestorTitles":["verifyTaskIntent"],"fullName":"verifyTaskIntent skips intent check when task has no creation keywords","status":"passed","title":"skips intent check when task has no creation keywords","duration":0.4608859999999595,"failureMessages":[],"meta":{}},{"ancestorTitles":["verifyTaskIntent"],"fullName":"verifyTaskIntent skips intent check when write_file was already called","status":"passed","title":"skips intent check when write_file was already called","duration":0.5804539999999179,"failureMessages":[],"meta":{}},{"ancestorTitles":["runTestCommand"],"fullName":"runTestCommand passes when testCommand succeeds","status":"passed","title":"passes when testCommand succeeds","duration":6.552548000000002,"failureMessages":[],"meta":{}},{"ancestorTitles":["runTestCommand"],"fullName":"runTestCommand fails when testCommand fails","status":"passed","title":"fails when testCommand fails","duration":7.066792000000078,"failureMessages":[],"meta":{}},{"ancestorTitles":["runTestCommand"],"fullName":"runTestCommand deduplicates: skips testCommand if already ran as shell test","status":"passed","title":"deduplicates: skips testCommand if already ran as shell test","duration":181.6321119999999,"failureMessages":[],"meta":{}},{"ancestorTitles":["verifyShellTests"],"fullName":"verifyShellTests passes when shell test command exits 0","status":"passed","title":"passes when shell test command exits 0","duration":0.9740820000000667,"failureMessages":[],"meta":{}},{"ancestorTitles":["verifyShellTests"],"fullName":"verifyShellTests fails when npm test command fails","status":"passed","title":"fails when npm test command fails","duration":258.106806,"failureMessages":[],"meta":{}},{"ancestorTitles":["verifyShellTests"],"fullName":"verifyShellTests detects vitest and pytest patterns","status":"passed","title":"detects vitest and pytest patterns","duration":863.9449730000001,"failureMessages":[],"meta":{}},{"ancestorTitles":["runVerificationSync / verifyTask"],"fullName":"runVerificationSync / verifyTask returns passed=true when all checks pass","status":"passed","title":"returns passed=true when all checks pass","duration":0.7291470000000118,"failureMessages":[],"meta":{}},{"ancestorTitles":["runVerificationSync / verifyTask"],"fullName":"runVerificationSync / verifyTask returns passed=false when a check fails","status":"passed","title":"returns passed=false when a check fails","duration":0.3633869999998751,"failureMessages":[],"meta":{}},{"ancestorTitles":["runVerificationSync / verifyTask"],"fullName":"runVerificationSync / verifyTask verifyTask returns same shape as runVerificationSync","status":"passed","title":"verifyTask returns same shape as runVerificationSync","duration":0.5355459999996128,"failureMessages":[],"meta":{}},{"ancestorTitles":["runVerificationSync / verifyTask"],"fullName":"runVerificationSync / verifyTask returns empty checks when no tool calls and no testCommand","status":"passed","title":"returns empty checks when no tool calls and no testCommand","duration":0.24584299999969517,"failureMessages":[],"meta":{}},{"ancestorTitles":["buildSuggestion"],"fullName":"buildSuggestion returns empty string when all checks pass","status":"passed","title":"returns empty string when all checks pass","duration":0.14471199999979945,"failureMessages":[],"meta":{}},{"ancestorTitles":["buildSuggestion"],"fullName":"buildSuggestion builds retry message from failed checks","status":"passed","title":"builds retry message from failed checks","duration":0.15910000000030777,"failureMessages":[],"meta":{}},{"ancestorTitles":["buildSuggestion"],"fullName":"buildSuggestion joins multiple failures","status":"passed","title":"joins multiple failures","duration":0.14960100000007515,"failureMessages":[],"meta":{}},{"ancestorTitles":["shouldRetry"],"fullName":"shouldRetry retries when not passed and below max","status":"passed","title":"retries when not passed and below max","duration":0.18521999999984473,"failureMessages":[],"meta":{}},{"ancestorTitles":["shouldRetry"],"fullName":"shouldRetry does not retry when passed","status":"passed","title":"does not retry when passed","duration":0.18117000000029293,"failureMessages":[],"meta":{}},{"ancestorTitles":["shouldRetry"],"fullName":"shouldRetry does not retry when max reached","status":"passed","title":"does not retry when max reached","duration":0.1849409999999807,"failureMessages":[],"meta":{}},{"ancestorTitles":["shouldRetry"],"fullName":"shouldRetry does not retry when attempts equals max","status":"passed","title":"does not retry when attempts equals max","duration":0.14408299999968222,"failureMessages":[],"meta":{}},{"ancestorTitles":["non-existent testCommand"],"fullName":"non-existent testCommand fails gracefully when binary does not exist","status":"passed","title":"fails gracefully when binary does not exist","duration":4.567156999999952,"failureMessages":[],"meta":{}},{"ancestorTitles":["collectFailingTests"],"fullName":"collectFailingTests returns empty set when test command passes","status":"passed","title":"returns empty set when test command passes","duration":3.511919999999918,"failureMessages":[],"meta":{}},{"ancestorTitles":["collectFailingTests"],"fullName":"collectFailingTests returns empty set when test command produces unparseable output","status":"passed","title":"returns empty set when test command produces unparseable output","duration":3.127581000000191,"failureMessages":[],"meta":{}},{"ancestorTitles":["collectFailingTests"],"fullName":"collectFailingTests parses FAIL lines from vitest/jest output","status":"passed","title":"parses FAIL lines from vitest/jest output","duration":29.05113900000015,"failureMessages":[],"meta":{}},{"ancestorTitles":["collectFailingTests"],"fullName":"collectFailingTests parses FAILED lines from pytest output","status":"passed","title":"parses FAILED lines from pytest output","duration":27.315154999999777,"failureMessages":[],"meta":{}},{"ancestorTitles":["collectFailingTests"],"fullName":"collectFailingTests parses go test FAIL lines","status":"passed","title":"parses go test FAIL lines","duration":26.779189000000315,"failureMessages":[],"meta":{}},{"ancestorTitles":["baselineFailure comparison in runTestCommand"],"fullName":"baselineFailure comparison in runTestCommand passes when test command fails but failures match baseline","status":"passed","title":"passes when test command fails but failures match baseline","duration":27.12993400000005,"failureMessages":[],"meta":{}},{"ancestorTitles":["baselineFailure comparison in runTestCommand"],"fullName":"baselineFailure comparison in runTestCommand fails when new test failures appear beyond baseline","status":"passed","title":"fails when new test failures appear beyond baseline","duration":25.12380099999973,"failureMessages":[],"meta":{}},{"ancestorTitles":["baselineFailure comparison in runTestCommand"],"fullName":"baselineFailure comparison in runTestCommand fails when test command fails and there is no baseline","status":"passed","title":"fails when test command fails and there is no baseline","duration":24.9473109999999,"failureMessages":[],"meta":{}},{"ancestorTitles":["baselineFailure comparison in runTestCommand"],"fullName":"baselineFailure comparison in runTestCommand passes when baseline covers all failures exactly","status":"passed","title":"passes when baseline covers all failures exactly","duration":27.800275000000056,"failureMessages":[],"meta":{}},{"ancestorTitles":["baselineFailure comparison in runTestCommand"],"fullName":"baselineFailure comparison in runTestCommand passes when some baseline failures are fixed (baseline was larger)","status":"passed","title":"passes when some baseline failures are fixed (baseline was larger)","duration":26.189166999999998,"failureMessages":[],"meta":{}}],"startTime":1781069152345,"endTime":1781069153920.1892,"status":"passed","message":"","name":"/home/dusanmilosavljevic/ruby-code/tests/verify/verification.test.ts"}]}